<?xml version="1.0" encoding="UTF-8"?>
<coverage generated="1573612190140" clover="3.2.0">
  <project timestamp="1573612190140" name="All files">
    <metrics statements="17" coveredstatements="17" conditionals="4" coveredconditionals="4" methods="10" coveredmethods="10" elements="31" coveredelements="31" complexity="0" loc="17" ncloc="17" packages="1" files="2" classes="2"/>
    <file name="multiple_enum.ts" path="/Users/ben/Documents/w/code/myproject/package/toolkit/src/multiple_enum.ts">
      <metrics statements="9" coveredstatements="9" conditionals="2" coveredconditionals="2" methods="5" coveredmethods="5"/>
      <line num="16" count="1" type="stmt"/>
      <line num="24" count="3" type="stmt"/>
      <line num="25" count="1" type="stmt"/>
      <line num="32" count="1" type="stmt"/>
      <line num="33" count="1" type="stmt"/>
      <line num="34" count="3" type="cond" truecount="2" falsecount="0"/>
      <line num="35" count="1" type="stmt"/>
      <line num="36" count="1" type="stmt"/>
      <line num="39" count="1" type="stmt"/>
    </file>
    <file name="select.ts" path="/Users/ben/Documents/w/code/myproject/package/toolkit/src/select.ts">
      <metrics statements="8" coveredstatements="8" conditionals="2" coveredconditionals="2" methods="5" coveredmethods="5"/>
      <line num="13" count="1" type="stmt"/>
      <line num="21" count="2" type="stmt"/>
      <line num="22" count="1" type="stmt"/>
      <line num="32" count="1" type="stmt"/>
      <line num="33" count="1" type="stmt"/>
      <line num="34" count="2" type="cond" truecount="2" falsecount="0"/>
      <line num="35" count="1" type="stmt"/>
      <line num="38" count="1" type="stmt"/>
    </file>
  </project>
</coverage>
