{"/Users/ben/Documents/w/code/myproject/package/toolkit/src/multiple_enum.ts": {"path":"/Users/ben/Documents/w/code/myproject/package/toolkit/src/multiple_enum.ts","statementMap":{"0":{"start":{"line":16,"column":4},"end":{"line":16,"column":21}},"1":{"start":{"line":24,"column":19},"end":{"line":24,"column":51}},"2":{"start":{"line":24,"column":41},"end":{"line":24,"column":50}},"3":{"start":{"line":25,"column":4},"end":{"line":25,"column":18}},"4":{"start":{"line":32,"column":17},"end":{"line":32,"column":19}},"5":{"start":{"line":33,"column":4},"end":{"line":38,"column":7}},"6":{"start":{"line":34,"column":6},"end":{"line":37,"column":7}},"7":{"start":{"line":35,"column":8},"end":{"line":35,"column":22}},"8":{"start":{"line":36,"column":8},"end":{"line":36,"column":20}},"9":{"start":{"line":39,"column":4},"end":{"line":39,"column":18}}},"fnMap":{"0":{"name":"(anonymous_0)","decl":{"start":{"line":15,"column":2},"end":{"line":15,"column":3}},"loc":{"start":{"line":15,"column":30},"end":{"line":17,"column":3}},"line":15},"1":{"name":"(anonymous_1)","decl":{"start":{"line":23,"column":2},"end":{"line":23,"column":3}},"loc":{"start":{"line":23,"column":25},"end":{"line":26,"column":3}},"line":23},"2":{"name":"(anonymous_2)","decl":{"start":{"line":24,"column":33},"end":{"line":24,"column":34}},"loc":{"start":{"line":24,"column":41},"end":{"line":24,"column":50}},"line":24},"3":{"name":"(anonymous_3)","decl":{"start":{"line":31,"column":2},"end":{"line":31,"column":3}},"loc":{"start":{"line":31,"column":47},"end":{"line":40,"column":3}},"line":31},"4":{"name":"(anonymous_4)","decl":{"start":{"line":33,"column":22},"end":{"line":33,"column":23}},"loc":{"start":{"line":33,"column":30},"end":{"line":38,"column":5}},"line":33}},"branchMap":{"0":{"loc":{"start":{"line":34,"column":6},"end":{"line":37,"column":7}},"type":"if","locations":[{"start":{"line":34,"column":6},"end":{"line":37,"column":7}},{"start":{"line":34,"column":6},"end":{"line":37,"column":7}}],"line":34}},"s":{"0":1,"1":1,"2":3,"3":1,"4":1,"5":1,"6":3,"7":1,"8":1,"9":1},"f":{"0":1,"1":1,"2":3,"3":1,"4":3},"b":{"0":[1,2]},"_coverageSchema":"43e27e138ebf9cfc5966b082cf9a028302ed4184","hash":"3b89e972d766aeddbed16a29b7601dde20f628e0"}
,"/Users/ben/Documents/w/code/myproject/package/toolkit/src/select.ts": {"path":"/Users/ben/Documents/w/code/myproject/package/toolkit/src/select.ts","statementMap":{"0":{"start":{"line":13,"column":4},"end":{"line":13,"column":21}},"1":{"start":{"line":21,"column":19},"end":{"line":21,"column":51}},"2":{"start":{"line":21,"column":41},"end":{"line":21,"column":50}},"3":{"start":{"line":22,"column":4},"end":{"line":22,"column":18}},"4":{"start":{"line":32,"column":27},"end":{"line":32,"column":31}},"5":{"start":{"line":33,"column":4},"end":{"line":37,"column":7}},"6":{"start":{"line":34,"column":6},"end":{"line":36,"column":7}},"7":{"start":{"line":35,"column":8},"end":{"line":35,"column":22}},"8":{"start":{"line":38,"column":4},"end":{"line":38,"column":18}}},"fnMap":{"0":{"name":"(anonymous_0)","decl":{"start":{"line":12,"column":2},"end":{"line":12,"column":3}},"loc":{"start":{"line":12,"column":25},"end":{"line":14,"column":3}},"line":12},"1":{"name":"(anonymous_1)","decl":{"start":{"line":20,"column":2},"end":{"line":20,"column":3}},"loc":{"start":{"line":20,"column":20},"end":{"line":23,"column":3}},"line":20},"2":{"name":"(anonymous_2)","decl":{"start":{"line":21,"column":33},"end":{"line":21,"column":34}},"loc":{"start":{"line":21,"column":41},"end":{"line":21,"column":50}},"line":21},"3":{"name":"(anonymous_3)","decl":{"start":{"line":31,"column":2},"end":{"line":31,"column":3}},"loc":{"start":{"line":31,"column":40},"end":{"line":39,"column":3}},"line":31},"4":{"name":"(anonymous_4)","decl":{"start":{"line":33,"column":22},"end":{"line":33,"column":23}},"loc":{"start":{"line":33,"column":35},"end":{"line":37,"column":5}},"line":33}},"branchMap":{"0":{"loc":{"start":{"line":34,"column":6},"end":{"line":36,"column":7}},"type":"if","locations":[{"start":{"line":34,"column":6},"end":{"line":36,"column":7}},{"start":{"line":34,"column":6},"end":{"line":36,"column":7}}],"line":34}},"s":{"0":1,"1":1,"2":2,"3":1,"4":1,"5":1,"6":2,"7":1,"8":1},"f":{"0":1,"1":1,"2":2,"3":1,"4":2},"b":{"0":[1,1]},"_coverageSchema":"43e27e138ebf9cfc5966b082cf9a028302ed4184","hash":"3ad3cb4f7728dce0642c6180524ed39963f0a81f"}
}
