{"/Users/ben/Documents/w/code/myproject/package/toolkit/src/axios_params_convert.ts": {"path":"/Users/ben/Documents/w/code/myproject/package/toolkit/src/axios_params_convert.ts","statementMap":{"0":{"start":{"line":24,"column":27},"end":{"line":24,"column":29}},"1":{"start":{"line":26,"column":4},"end":{"line":28,"column":77}},"2":{"start":{"line":30,"column":2},"end":{"line":37,"column":5}},"3":{"start":{"line":31,"column":4},"end":{"line":36,"column":5}},"4":{"start":{"line":32,"column":6},"end":{"line":32,"column":37}},"5":{"start":{"line":35,"column":6},"end":{"line":35,"column":44}},"6":{"start":{"line":39,"column":2},"end":{"line":39,"column":13}}},"fnMap":{"0":{"name":"axiosParamsConvert","decl":{"start":{"line":23,"column":24},"end":{"line":23,"column":42}},"loc":{"start":{"line":23,"column":60},"end":{"line":40,"column":1}},"line":23},"1":{"name":"(anonymous_1)","decl":{"start":{"line":30,"column":30},"end":{"line":30,"column":31}},"loc":{"start":{"line":30,"column":38},"end":{"line":37,"column":3}},"line":30}},"branchMap":{"0":{"loc":{"start":{"line":26,"column":4},"end":{"line":28,"column":77}},"type":"binary-expr","locations":[{"start":{"line":26,"column":4},"end":{"line":26,"column":27}},{"start":{"line":27,"column":5},"end":{"line":27,"column":19}},{"start":{"line":28,"column":6},"end":{"line":28,"column":76}}],"line":26},"1":{"loc":{"start":{"line":31,"column":4},"end":{"line":36,"column":5}},"type":"if","locations":[{"start":{"line":31,"column":4},"end":{"line":36,"column":5}},{"start":{"line":31,"column":4},"end":{"line":36,"column":5}}],"line":31},"2":{"loc":{"start":{"line":31,"column":8},"end":{"line":31,"column":31}},"type":"binary-expr","locations":[{"start":{"line":31,"column":8},"end":{"line":31,"column":12}},{"start":{"line":31,"column":16},"end":{"line":31,"column":31}}],"line":31}},"s":{"0":0,"1":0,"2":0,"3":0,"4":0,"5":0,"6":0},"f":{"0":0,"1":0},"b":{"0":[0,0,0],"1":[0,0],"2":[0,0]},"_coverageSchema":"43e27e138ebf9cfc5966b082cf9a028302ed4184","hash":"e6cec76327d6bbf3459d677f8e684d7c6784af29"}
,"/Users/ben/Documents/w/code/myproject/package/toolkit/src/index.ts": {"path":"/Users/ben/Documents/w/code/myproject/package/toolkit/src/index.ts","statementMap":{},"fnMap":{},"branchMap":{},"s":{},"f":{},"b":{},"_coverageSchema":"43e27e138ebf9cfc5966b082cf9a028302ed4184","hash":"45749af81b1c3e5bb48556709bfabdbf3f7ea402"}
,"/Users/ben/Documents/w/code/myproject/package/toolkit/src/move_element.ts": {"path":"/Users/ben/Documents/w/code/myproject/package/toolkit/src/move_element.ts","statementMap":{"0":{"start":{"line":7,"column":2},"end":{"line":7,"column":51}},"1":{"start":{"line":7,"column":32},"end":{"line":7,"column":51}},"2":{"start":{"line":8,"column":2},"end":{"line":8,"column":48}}},"fnMap":{"0":{"name":"moveElement","decl":{"start":{"line":6,"column":24},"end":{"line":6,"column":35}},"loc":{"start":{"line":6,"column":66},"end":{"line":9,"column":1}},"line":6}},"branchMap":{"0":{"loc":{"start":{"line":7,"column":2},"end":{"line":7,"column":51}},"type":"if","locations":[{"start":{"line":7,"column":2},"end":{"line":7,"column":51}},{"start":{"line":7,"column":2},"end":{"line":7,"column":51}}],"line":7}},"s":{"0":0,"1":0,"2":0},"f":{"0":0},"b":{"0":[0,0]},"_coverageSchema":"43e27e138ebf9cfc5966b082cf9a028302ed4184","hash":"1d90864280a6deab35c87ff6745e8f0d8e03ffbd"}
,"/Users/ben/Documents/w/code/myproject/package/toolkit/src/multiple_enum.ts": {"path":"/Users/ben/Documents/w/code/myproject/package/toolkit/src/multiple_enum.ts","statementMap":{"0":{"start":{"line":16,"column":4},"end":{"line":16,"column":21}},"1":{"start":{"line":24,"column":19},"end":{"line":24,"column":51}},"2":{"start":{"line":24,"column":41},"end":{"line":24,"column":50}},"3":{"start":{"line":25,"column":4},"end":{"line":25,"column":18}},"4":{"start":{"line":32,"column":17},"end":{"line":32,"column":19}},"5":{"start":{"line":33,"column":4},"end":{"line":37,"column":7}},"6":{"start":{"line":34,"column":6},"end":{"line":36,"column":7}},"7":{"start":{"line":35,"column":8},"end":{"line":35,"column":22}},"8":{"start":{"line":38,"column":4},"end":{"line":38,"column":18}}},"fnMap":{"0":{"name":"(anonymous_0)","decl":{"start":{"line":15,"column":2},"end":{"line":15,"column":3}},"loc":{"start":{"line":15,"column":30},"end":{"line":17,"column":3}},"line":15},"1":{"name":"(anonymous_1)","decl":{"start":{"line":23,"column":2},"end":{"line":23,"column":3}},"loc":{"start":{"line":23,"column":25},"end":{"line":26,"column":3}},"line":23},"2":{"name":"(anonymous_2)","decl":{"start":{"line":24,"column":33},"end":{"line":24,"column":34}},"loc":{"start":{"line":24,"column":41},"end":{"line":24,"column":50}},"line":24},"3":{"name":"(anonymous_3)","decl":{"start":{"line":31,"column":2},"end":{"line":31,"column":3}},"loc":{"start":{"line":31,"column":47},"end":{"line":39,"column":3}},"line":31},"4":{"name":"(anonymous_4)","decl":{"start":{"line":33,"column":22},"end":{"line":33,"column":23}},"loc":{"start":{"line":33,"column":30},"end":{"line":37,"column":5}},"line":33}},"branchMap":{"0":{"loc":{"start":{"line":34,"column":6},"end":{"line":36,"column":7}},"type":"if","locations":[{"start":{"line":34,"column":6},"end":{"line":36,"column":7}},{"start":{"line":34,"column":6},"end":{"line":36,"column":7}}],"line":34}},"s":{"0":1,"1":1,"2":3,"3":1,"4":1,"5":1,"6":3,"7":1,"8":1},"f":{"0":1,"1":1,"2":3,"3":1,"4":3},"b":{"0":[1,2]},"_coverageSchema":"43e27e138ebf9cfc5966b082cf9a028302ed4184","hash":"3132904ba2e8ead64449e534ee51bcb414445872"}
,"/Users/ben/Documents/w/code/myproject/package/toolkit/src/select.ts": {"path":"/Users/ben/Documents/w/code/myproject/package/toolkit/src/select.ts","statementMap":{"0":{"start":{"line":13,"column":4},"end":{"line":13,"column":21}},"1":{"start":{"line":21,"column":19},"end":{"line":21,"column":51}},"2":{"start":{"line":21,"column":41},"end":{"line":21,"column":50}},"3":{"start":{"line":22,"column":4},"end":{"line":22,"column":18}},"4":{"start":{"line":32,"column":19},"end":{"line":32,"column":74}},"5":{"start":{"line":32,"column":49},"end":{"line":32,"column":73}},"6":{"start":{"line":33,"column":4},"end":{"line":35,"column":5}},"7":{"start":{"line":34,"column":6},"end":{"line":34,"column":55}},"8":{"start":{"line":36,"column":4},"end":{"line":36,"column":21}}},"fnMap":{"0":{"name":"(anonymous_0)","decl":{"start":{"line":12,"column":2},"end":{"line":12,"column":3}},"loc":{"start":{"line":12,"column":25},"end":{"line":14,"column":3}},"line":12},"1":{"name":"(anonymous_1)","decl":{"start":{"line":20,"column":2},"end":{"line":20,"column":3}},"loc":{"start":{"line":20,"column":21},"end":{"line":23,"column":3}},"line":20},"2":{"name":"(anonymous_2)","decl":{"start":{"line":21,"column":33},"end":{"line":21,"column":34}},"loc":{"start":{"line":21,"column":41},"end":{"line":21,"column":50}},"line":21},"3":{"name":"(anonymous_3)","decl":{"start":{"line":31,"column":2},"end":{"line":31,"column":3}},"loc":{"start":{"line":31,"column":41},"end":{"line":37,"column":3}},"line":31},"4":{"name":"(anonymous_4)","decl":{"start":{"line":32,"column":36},"end":{"line":32,"column":37}},"loc":{"start":{"line":32,"column":49},"end":{"line":32,"column":73}},"line":32}},"branchMap":{"0":{"loc":{"start":{"line":33,"column":4},"end":{"line":35,"column":5}},"type":"if","locations":[{"start":{"line":33,"column":4},"end":{"line":35,"column":5}},{"start":{"line":33,"column":4},"end":{"line":35,"column":5}}],"line":33}},"s":{"0":1,"1":1,"2":2,"3":1,"4":2,"5":4,"6":2,"7":0,"8":2},"f":{"0":1,"1":1,"2":2,"3":2,"4":4},"b":{"0":[0,2]},"_coverageSchema":"43e27e138ebf9cfc5966b082cf9a028302ed4184","hash":"c4de5c33c82e31b2ecb4dd9094f58f47c1ef284d"}
}
