TN:
SF:/Users/ben/Documents/w/code/myproject/library/toolkit/src/axios_params_convert.ts
FN:23,axiosParamsConvert
FN:30,(anonymous_1)
FNF:2
FNH:0
FNDA:0,axiosParamsConvert
FNDA:0,(anonymous_1)
DA:24,0
DA:26,0
DA:30,0
DA:31,0
DA:32,0
DA:35,0
DA:39,0
LF:7
LH:0
BRDA:26,0,0,0
BRDA:26,0,1,0
BRDA:26,0,2,0
BRDA:31,1,0,0
BRDA:31,1,1,0
BRDA:31,2,0,0
BRDA:31,2,1,0
BRF:7
BRH:0
end_of_record
TN:
SF:/Users/ben/Documents/w/code/myproject/library/toolkit/src/check-img-exists.ts
FN:2,checkImgExists
FN:3,(anonymous_1)
FN:5,(anonymous_2)
FNF:3
FNH:0
FNDA:0,checkImgExists
FNDA:0,(anonymous_1)
FNDA:0,(anonymous_2)
DA:3,0
DA:4,0
DA:5,0
DA:6,0
DA:7,0
DA:9,0
DA:11,0
DA:12,0
LF:8
LH:0
BRDA:6,0,0,0
BRDA:6,0,1,0
BRDA:6,1,0,0
BRDA:6,1,1,0
BRF:4
BRH:0
end_of_record
TN:
SF:/Users/ben/Documents/w/code/myproject/library/toolkit/src/css.ts
FN:1,toCamel
FN:2,(anonymous_1)
FN:7,css
FN:20,(anonymous_3)
FNF:4
FNH:0
FNDA:0,toCamel
FNDA:0,(anonymous_1)
FNDA:0,css
FNDA:0,(anonymous_3)
DA:2,0
DA:3,0
DA:11,0
DA:12,0
DA:13,0
DA:17,0
DA:18,0
DA:19,0
DA:20,0
DA:21,0
DA:22,0
DA:23,0
DA:26,0
LF:13
LH:0
BRDA:14,0,0,0
BRDA:14,0,1,0
BRDA:21,1,0,0
BRDA:21,1,1,0
BRF:4
BRH:0
end_of_record
TN:
SF:/Users/ben/Documents/w/code/myproject/library/toolkit/src/get-query.ts
FN:3,getQuery
FNF:1
FNH:0
FNDA:0,getQuery
DA:4,0
DA:5,0
DA:6,0
LF:3
LH:0
BRF:0
BRH:0
end_of_record
TN:
SF:/Users/ben/Documents/w/code/myproject/library/toolkit/src/index.ts
FNF:0
FNH:0
LF:0
LH:0
BRF:0
BRH:0
end_of_record
TN:
SF:/Users/ben/Documents/w/code/myproject/library/toolkit/src/move_element.ts
FN:6,moveElement
FNF:1
FNH:1
FNDA:2,moveElement
DA:7,2
DA:9,0
DA:11,2
LF:3
LH:2
BRDA:7,0,0,0
BRDA:7,0,1,2
BRF:2
BRH:1
end_of_record
TN:
SF:/Users/ben/Documents/w/code/myproject/library/toolkit/src/select.ts
FN:12,(anonymous_0)
FN:20,(anonymous_1)
FN:21,(anonymous_2)
FN:31,(anonymous_3)
FN:32,(anonymous_4)
FNF:5
FNH:5
FNDA:1,(anonymous_0)
FNDA:1,(anonymous_1)
FNDA:2,(anonymous_2)
FNDA:2,(anonymous_3)
FNDA:4,(anonymous_4)
DA:13,1
DA:21,2
DA:22,1
DA:32,4
DA:33,2
DA:34,0
DA:36,2
LF:7
LH:6
BRDA:33,0,0,0
BRDA:33,0,1,2
BRF:2
BRH:1
end_of_record
