TN:
SF:/Users/ben/Documents/w/code/myproject/package/toolkit/src/multiple_enum.ts
FN:15,(anonymous_0)
FN:23,(anonymous_1)
FN:24,(anonymous_2)
FN:31,(anonymous_3)
FN:33,(anonymous_4)
FNF:5
FNH:5
FNDA:1,(anonymous_0)
FNDA:1,(anonymous_1)
FNDA:3,(anonymous_2)
FNDA:1,(anonymous_3)
FNDA:3,(anonymous_4)
DA:16,1
DA:24,3
DA:25,1
DA:32,1
DA:33,1
DA:34,3
DA:35,1
DA:36,1
DA:39,1
LF:9
LH:9
BRDA:34,0,0,1
BRDA:34,0,1,2
BRF:2
BRH:2
end_of_record
TN:
SF:/Users/ben/Documents/w/code/myproject/package/toolkit/src/select.ts
FN:12,(anonymous_0)
FN:20,(anonymous_1)
FN:21,(anonymous_2)
FN:31,(anonymous_3)
FN:33,(anonymous_4)
FNF:5
FNH:5
FNDA:1,(anonymous_0)
FNDA:1,(anonymous_1)
FNDA:2,(anonymous_2)
FNDA:1,(anonymous_3)
FNDA:2,(anonymous_4)
DA:13,1
DA:21,2
DA:22,1
DA:32,1
DA:33,1
DA:34,2
DA:35,1
DA:38,1
LF:8
LH:8
BRDA:34,0,0,1
BRDA:34,0,1,1
BRF:2
BRH:2
end_of_record
